[2025-03-18 17:38:21] miner started: -a quai -o stratum+tcp://suomi.straffesites.be:3333 -u 0x0017986f17D2eeDC2ec4628eC22D676321FDfc6c -w tulenisa --log-file ./miner.log
[2025-03-18 17:38:21] Rigel v1.21.2 - [Linux]
[2025-03-18 17:38:21] 
[2025-03-18 17:38:22] Driver: v535.230.02
[2025-03-18 17:38:22] 
[2025-03-18 17:38:22] + GPU #0: RTX 4050 Laptop GPU 6G
[2025-03-18 17:38:22] 
[2025-03-18 17:38:22] Pools for quai (dev fee 1.0%):
[2025-03-18 17:38:22] URL:    suomi.straffesites.be:3333
[2025-03-18 17:38:22] User:   0x0017986f17D2eeDC2ec4628eC22D676321FDfc6c
[2025-03-18 17:38:22] Worker: tulenisa
[2025-03-18 17:38:22] 
[2025-03-18 17:38:22] [suomi.straffesites.be:3333] connecting...
[2025-03-18 17:38:22] [suomi.straffesites.be:3333] connected
[2025-03-18 17:38:22] [suomi.straffesites.be:3333] extranonce: f3a3
[2025-03-18 17:38:22] [suomi.straffesites.be:3333] difficulty: 80.20G (18.67)
[2025-03-18 17:38:23] Light cache built
[2025-03-18 17:38:23] GPU#0: failed to set memory offset to +0: NoPermission
[2025-03-18 17:38:23] GPU#0: building DAG for epoch 0, 4.29 GB
[2025-03-18 17:38:29] GPU#0: DAG built in 5.9s
[2025-03-18 17:38:32] [suomi.straffesites.be:3333] difficulty: 79.65G (18.54)
[2025-03-18 17:38:37] [suomi.straffesites.be:3333] difficulty: 79.67G (18.55)
[2025-03-18 17:38:42] 
[2025-03-18 17:38:42] +======================= Rigel v1.21.2 - [Linux] ========================+
[2025-03-18 17:38:42] |#|Name               |Power|T(core)|T(mem)|Fan|    Core    |   Memory   |
[2025-03-18 17:38:42] |0|RTX 4050 Laptop GPU|34.6W|   51°C|  66°C|n/a|1830MHz (+0)|5500MHz (+0)|
[2025-03-18 17:38:42] +-+-------------------+-----+-------+------+---+------------+------------+
[2025-03-18 17:38:42] |               Total: 34.6W|            Uptime: 0d 00:00:21             |
[2025-03-18 17:38:42] +========================================================================+
[2025-03-18 17:38:42] 
[2025-03-18 17:38:42] +========================= quai =========================+
[2025-03-18 17:38:42] |#|Name               | Hashrate |Pool|Acc|Rej|   Eff    |
[2025-03-18 17:38:42] |0|RTX 4050 Laptop GPU|8.611 MH/s|   -|  0|  0|248.8 KH/W|
[2025-03-18 17:38:42] +-+-------------------+----------+----+---+---+----------+
[2025-03-18 17:38:42] |               Total: 8.611 MH/s|   -|  0|  0|248.8 KH/W|
[2025-03-18 17:38:42] +========================================================+
[2025-03-18 17:38:42] 
[2025-03-18 17:38:43] [suomi.straffesites.be:3333] difficulty: 79.55G (18.52)
[2025-03-18 17:38:44] [suomi.straffesites.be:3333] difficulty: 79.65G (18.54)
[2025-03-18 17:38:48] [suomi.straffesites.be:3333] difficulty: 79.74G (18.57)
[2025-03-18 17:38:48] [suomi.straffesites.be:3333] difficulty: 79.77G (18.57)
[2025-03-18 17:38:56] [suomi.straffesites.be:3333] difficulty: 79.88G (18.60)
[2025-03-18 17:38:57] [suomi.straffesites.be:3333] difficulty: 79.69G (18.55)
[2025-03-18 17:38:59] [suomi.straffesites.be:3333] difficulty: 79.81G (18.58)
[2025-03-18 17:39:02] 
[2025-03-18 17:39:02] +======================= Rigel v1.21.2 - [Linux] ========================+
[2025-03-18 17:39:02] |#|Name               |Power|T(core)|T(mem)|Fan|    Core    |   Memory   |
[2025-03-18 17:39:02] |0|RTX 4050 Laptop GPU|35.0W|   55°C|  72°C|n/a|1740MHz (+0)|5500MHz (+0)|
[2025-03-18 17:39:02] +-+-------------------+-----+-------+------+---+------------+------------+
[2025-03-18 17:39:02] |               Total: 35.0W|            Uptime: 0d 00:00:41             |
[2025-03-18 17:39:02] +========================================================================+
[2025-03-18 17:39:02] 
[2025-03-18 17:39:02] +========================= quai =========================+
[2025-03-18 17:39:02] |#|Name               | Hashrate |Pool|Acc|Rej|   Eff    |
[2025-03-18 17:39:02] |0|RTX 4050 Laptop GPU|7.852 MH/s|   -|  0|  0|224.4 KH/W|
[2025-03-18 17:39:02] +-+-------------------+----------+----+---+---+----------+
[2025-03-18 17:39:02] |               Total: 7.852 MH/s|   -|  0|  0|224.4 KH/W|
[2025-03-18 17:39:02] +========================================================+
[2025-03-18 17:39:02] 
[2025-03-18 17:39:13] [suomi.straffesites.be:3333] difficulty: 79.55G (18.52)
[2025-03-18 17:39:20] [suomi.straffesites.be:3333] difficulty: 79.50G (18.51)
[2025-03-18 17:39:21] [suomi.straffesites.be:3333] difficulty: 79.60G (18.53)
[2025-03-18 17:39:22] 
[2025-03-18 17:39:22] +======================= Rigel v1.21.2 - [Linux] ========================+
[2025-03-18 17:39:22] |#|Name               |Power|T(core)|T(mem)|Fan|    Core    |   Memory   |
[2025-03-18 17:39:22] |0|RTX 4050 Laptop GPU|35.0W|   57°C|  74°C|n/a|1725MHz (+0)|5500MHz (+0)|
[2025-03-18 17:39:22] +-+-------------------+-----+-------+------+---+------------+------------+
[2025-03-18 17:39:22] |               Total: 35.0W|            Uptime: 0d 00:01:01             |
[2025-03-18 17:39:22] +========================================================================+
[2025-03-18 17:39:22] 
[2025-03-18 17:39:22] +========================= quai =========================+
[2025-03-18 17:39:22] |#|Name               | Hashrate |Pool|Acc|Rej|   Eff    |
[2025-03-18 17:39:22] |0|RTX 4050 Laptop GPU|7.851 MH/s|   -|  0|  0|224.3 KH/W|
[2025-03-18 17:39:22] +-+-------------------+----------+----+---+---+----------+
[2025-03-18 17:39:22] |               Total: 7.851 MH/s|   -|  0|  0|224.3 KH/W|
[2025-03-18 17:39:22] +========================================================+
[2025-03-18 17:39:22] 
[2025-03-18 17:39:42] 
[2025-03-18 17:39:42] +======================= Rigel v1.21.2 - [Linux] ========================+
[2025-03-18 17:39:42] |#|Name               |Power|T(core)|T(mem)|Fan|    Core    |   Memory   |
[2025-03-18 17:39:42] |0|RTX 4050 Laptop GPU|35.0W|   59°C|  78°C|n/a|1725MHz (+0)|5500MHz (+0)|
[2025-03-18 17:39:42] +-+-------------------+-----+-------+------+---+------------+------------+
[2025-03-18 17:39:42] |               Total: 35.0W|            Uptime: 0d 00:01:21             |
[2025-03-18 17:39:42] +========================================================================+
[2025-03-18 17:39:42] 
[2025-03-18 17:39:42] +========================= quai =========================+
[2025-03-18 17:39:42] |#|Name               | Hashrate |Pool|Acc|Rej|   Eff    |
[2025-03-18 17:39:42] |0|RTX 4050 Laptop GPU|7.850 MH/s|   -|  0|  0|224.3 KH/W|
[2025-03-18 17:39:42] +-+-------------------+----------+----+---+---+----------+
[2025-03-18 17:39:42] |               Total: 7.850 MH/s|   -|  0|  0|224.3 KH/W|
[2025-03-18 17:39:42] +========================================================+
[2025-03-18 17:39:42] 
[2025-03-18 17:39:50] CTRL+C received, exiting
[2025-03-18 17:39:50] all devices stopped
[2025-03-18 17:39:50] all miner tasks finished
[2025-03-18 17:39:50] miner terminated
[2025-03-18 17:40:19] miner started: -a quai -o stratum+tcp://suomi.straffesites.be:3333 -u 0x0017986f17D2eeDC2ec4628eC22D676321FDfc6c -w x --pl 20 --log-file ./miner.log
[2025-03-18 17:40:19] Rigel v1.21.2 - [Linux]
[2025-03-18 17:40:19] 
[2025-03-18 17:40:21] Driver: v535.230.02
[2025-03-18 17:40:21] 
[2025-03-18 17:40:21] + GPU #0: RTX 4050 Laptop GPU 6G
[2025-03-18 17:40:21] 
[2025-03-18 17:40:21] Pools for quai (dev fee 1.0%):
[2025-03-18 17:40:21] URL:    suomi.straffesites.be:3333
[2025-03-18 17:40:21] User:   0x0017986f17D2eeDC2ec4628eC22D676321FDfc6c
[2025-03-18 17:40:21] Worker: x
[2025-03-18 17:40:21] 
[2025-03-18 17:40:21] [suomi.straffesites.be:3333] connecting...
[2025-03-18 17:40:21] GPU#0: failed to set power limit to 20: NotSupported
[2025-03-18 17:40:21] [suomi.straffesites.be:3333] connected
[2025-03-18 17:40:21] [suomi.straffesites.be:3333] extranonce: b3bb
[2025-03-18 17:40:21] [suomi.straffesites.be:3333] difficulty: 79.10G (18.42)
[2025-03-18 17:40:21] Light cache built
[2025-03-18 17:40:21] GPU#0: failed to set memory offset to +0: NoPermission
[2025-03-18 17:40:21] GPU#0: building DAG for epoch 0, 4.29 GB
[2025-03-18 17:40:22] [suomi.straffesites.be:3333] difficulty: 79.22G (18.44)
[2025-03-18 17:40:25] [suomi.straffesites.be:3333] difficulty: 79.19G (18.44)
[2025-03-18 17:40:26] [suomi.straffesites.be:3333] difficulty: 79.22G (18.44)
[2025-03-18 17:40:27] GPU#0: DAG built in 6.0s
[2025-03-18 17:40:30] [suomi.straffesites.be:3333] difficulty: 79.26G (18.45)
[2025-03-18 17:40:32] [suomi.straffesites.be:3333] difficulty: 79.36G (18.48)
[2025-03-18 17:40:39] [suomi.straffesites.be:3333] difficulty: 79.43G (18.49)
[2025-03-18 17:40:41] 
[2025-03-18 17:40:41] +======================= Rigel v1.21.2 - [Linux] ========================+
[2025-03-18 17:40:41] |#|Name               |Power|T(core)|T(mem)|Fan|    Core    |   Memory   |
[2025-03-18 17:40:41] |0|RTX 4050 Laptop GPU|34.1W|   56°C|  76°C|n/a|1830MHz (+0)|5500MHz (+0)|
[2025-03-18 17:40:41] +-+-------------------+-----+-------+------+---+------------+------------+
[2025-03-18 17:40:41] |               Total: 34.1W|            Uptime: 0d 00:00:21             |
[2025-03-18 17:40:41] +========================================================================+
[2025-03-18 17:40:41] 
[2025-03-18 17:40:41] +========================= quai =========================+
[2025-03-18 17:40:41] |#|Name               | Hashrate |Pool|Acc|Rej|   Eff    |
[2025-03-18 17:40:41] |0|RTX 4050 Laptop GPU|8.567 MH/s|   -|  0|  0|251.0 KH/W|
[2025-03-18 17:40:41] +-+-------------------+----------+----+---+---+----------+
[2025-03-18 17:40:41] |               Total: 8.567 MH/s|   -|  0|  0|251.0 KH/W|
[2025-03-18 17:40:41] +========================================================+
[2025-03-18 17:40:41] 
[2025-03-18 17:40:44] [suomi.straffesites.be:3333] difficulty: 79.38G (18.48)
[2025-03-18 17:40:47] CTRL+C received, exiting
[2025-03-18 17:40:48] all devices stopped
[2025-03-18 17:40:48] all miner tasks finished
[2025-03-18 17:40:48] miner terminated
[2025-03-18 17:44:59] miner started: -a quai -o stratum+tcp://suomi.straffesites.be:3333 -u 0x0017986f17D2eeDC2ec4628eC22D676321FDfc6c -w x --api-bind 0.0.0.0:9090 --log-file /home/seppe/rigel/miner.log
[2025-03-18 17:44:59] Rigel v1.21.2 - [Linux]
[2025-03-18 17:44:59] 
[2025-03-18 17:45:00] Driver: v535.230.02
[2025-03-18 17:45:00] 
[2025-03-18 17:45:00] + GPU #0: RTX 4050 Laptop GPU 6G
[2025-03-18 17:45:00] 
[2025-03-18 17:45:00] Pools for quai (dev fee 1.0%):
[2025-03-18 17:45:00] URL:    suomi.straffesites.be:3333
[2025-03-18 17:45:00] User:   0x0017986f17D2eeDC2ec4628eC22D676321FDfc6c
[2025-03-18 17:45:00] Worker: x
[2025-03-18 17:45:00] 
[2025-03-18 17:45:00] API server is running at http://0.0.0.0:9090
[2025-03-18 17:45:00] [suomi.straffesites.be:3333] connecting...
[2025-03-18 17:45:00] [suomi.straffesites.be:3333] connected
[2025-03-18 17:45:00] [suomi.straffesites.be:3333] extranonce: 7d7e
[2025-03-18 17:45:00] [suomi.straffesites.be:3333] difficulty: 79.24G (18.45)
[2025-03-18 17:45:01] Light cache built
[2025-03-18 17:45:01] GPU#0: failed to set memory offset to +0: NoPermission
[2025-03-18 17:45:01] GPU#0: building DAG for epoch 0, 4.29 GB
[2025-03-18 17:45:07] GPU#0: DAG built in 5.8s
[2025-03-18 17:45:07] [suomi.straffesites.be:3333] difficulty: 79.09G (18.42)
[2025-03-18 17:45:10] [suomi.straffesites.be:3333] difficulty: 79.19G (18.44)
[2025-03-18 17:45:20] 
[2025-03-18 17:45:20] +======================= Rigel v1.21.2 - [Linux] ========================+
[2025-03-18 17:45:20] |#|Name               |Power|T(core)|T(mem)|Fan|    Core    |   Memory   |
[2025-03-18 17:45:20] |0|RTX 4050 Laptop GPU|34.8W|   50°C|  64°C|n/a|1785MHz (+0)|5500MHz (+0)|
[2025-03-18 17:45:20] +-+-------------------+-----+-------+------+---+------------+------------+
[2025-03-18 17:45:20] |               Total: 34.8W|            Uptime: 0d 00:00:21             |
[2025-03-18 17:45:20] +========================================================================+
[2025-03-18 17:45:20] 
[2025-03-18 17:45:20] +========================= quai =========================+
[2025-03-18 17:45:20] |#|Name               | Hashrate |Pool|Acc|Rej|   Eff    |
[2025-03-18 17:45:20] |0|RTX 4050 Laptop GPU|8.523 MH/s|   -|  0|  0|244.7 KH/W|
[2025-03-18 17:45:20] +-+-------------------+----------+----+---+---+----------+
[2025-03-18 17:45:20] |               Total: 8.523 MH/s|   -|  0|  0|244.7 KH/W|
[2025-03-18 17:45:20] +========================================================+
[2025-03-18 17:45:20] 
[2025-03-18 17:45:21] [suomi.straffesites.be:3333] difficulty: 79.24G (18.45)
[2025-03-18 17:45:29] [suomi.straffesites.be:3333] difficulty: 78.93G (18.38)
[2025-03-18 17:45:32] [suomi.straffesites.be:3333] difficulty: 79.00G (18.39)
[2025-03-18 17:45:37] [suomi.straffesites.be:3333] difficulty: 79.07G (18.41)
[2025-03-18 17:45:39] [suomi.straffesites.be:3333] difficulty: 79.14G (18.43)
[2025-03-18 17:45:40] 
[2025-03-18 17:45:40] +======================= Rigel v1.21.2 - [Linux] ========================+
[2025-03-18 17:45:40] |#|Name               |Power|T(core)|T(mem)|Fan|    Core    |   Memory   |
[2025-03-18 17:45:40] |0|RTX 4050 Laptop GPU|35.0W|   55°C|  70°C|n/a|1725MHz (+0)|5500MHz (+0)|
[2025-03-18 17:45:40] +-+-------------------+-----+-------+------+---+------------+------------+
[2025-03-18 17:45:40] |               Total: 35.0W|            Uptime: 0d 00:00:41             |
[2025-03-18 17:45:40] +========================================================================+
[2025-03-18 17:45:40] 
[2025-03-18 17:45:40] +========================= quai =========================+
[2025-03-18 17:45:40] |#|Name               | Hashrate |Pool|Acc|Rej|   Eff    |
[2025-03-18 17:45:40] |0|RTX 4050 Laptop GPU|7.850 MH/s|   -|  0|  0|224.6 KH/W|
[2025-03-18 17:45:40] +-+-------------------+----------+----+---+---+----------+
[2025-03-18 17:45:40] |               Total: 7.850 MH/s|   -|  0|  0|224.6 KH/W|
[2025-03-18 17:45:40] +========================================================+
[2025-03-18 17:45:40] 
[2025-03-18 17:45:48] [suomi.straffesites.be:3333] difficulty: 79.07G (18.41)
[2025-03-18 17:45:49] [suomi.straffesites.be:3333] difficulty: 79.16G (18.43)
[2025-03-18 17:45:51] [suomi.straffesites.be:3333] difficulty: 79.23G (18.45)
[2025-03-18 17:45:51] CTRL+C received, exiting
[2025-03-18 17:45:52] all devices stopped
[2025-03-18 17:45:52] all miner tasks finished
[2025-03-18 17:45:52] miner terminated
